ERROR [2015-08-06 01:22:55,880] mylogger:./sch.py line=17 [message="conf error: in_file name is null"]
ERROR [2015-08-06 01:40:13,907] mylogger:./sch.py line=18 [message="conf error: in_file name is null"]
INFO [2015-08-06 01:40:33,131] mylogger:./sch.py line=23 [message="in_file path:./test.dat"]
INFO [2015-08-06 01:41:58,151] mylogger:./sch.py line=23 [in_file path:./test.dat]
INFO [2015-08-06 01:42:40,798] mylogger:./sch.py line 23 [in_file path:./test.dat]
INFO [2015-08-06 01:43:18,130] mylogger:./sch.py [line 23] [in_file path:./test.dat]
INFO [2015-08-06 02:26:16,747] mylogger:./sch.py [line 41] [in_file path:./data/test.dat]
ERROR [2015-08-06 02:26:16,747] mylogger:./sch.py [line 28] [[Errno 2] No such file or directory: './data/test.dat']
INFO [2015-08-06 02:26:42,941] mylogger:./sch.py [line 41] [in_file path:./data/test_1.dat]
INFO [2015-08-06 02:27:24,047] mylogger:./sch.py [line 58] [path_file :0./data/test_1.dat]
INFO [2015-08-06 02:27:27,587] mylogger:./sch.py [line 58] [path_file :0./data/test_1.dat]
INFO [2015-08-06 02:27:57,056] mylogger:./sch.py [line 58] [path_file :0./data/test_1.dat]
INFO [2015-08-06 02:27:57,058] mylogger:./sch.py [line 58] [path_file :0./data/test_2.dat]
INFO [2015-08-06 02:28:43,437] mylogger:./sch.py [line 62] [path_file :0./data/test_1.dat]
INFO [2015-08-06 02:28:43,442] mylogger:./sch.py [line 62] [path_file :0./data/test_2.dat]
INFO [2015-08-06 09:52:05,908] mylogger:./sch.py [line 62] [path_file :0./data/test_1.dat]
INFO [2015-08-06 09:52:05,912] mylogger:./sch.py [line 62] [path_file :0./data/test_2.dat]
INFO [2015-08-06 10:58:38,769] mylogger:./sch.py [line 73] [path_file :0./data/test_1.dat]
ERROR [2015-08-06 10:58:38,769] mylogger:./sch.py [line 38] [invalid literal for int() with base 10: '']
INFO [2015-08-06 10:58:38,770] mylogger:./sch.py [line 76] [running...]
INFO [2015-08-06 10:58:38,775] mylogger:./sch.py [line 78] [program finished...]
INFO [2015-08-06 10:58:38,775] mylogger:./sch.py [line 73] [path_file :0./data/test_2.dat]
ERROR [2015-08-06 10:58:38,775] mylogger:./sch.py [line 38] [invalid literal for int() with base 10: '']
INFO [2015-08-06 10:58:38,776] mylogger:./sch.py [line 76] [running...]
INFO [2015-08-06 10:58:38,776] mylogger:./sch.py [line 78] [program finished...]
INFO [2015-08-06 11:01:24,689] mylogger:./sch.py [line 73] [path_file :0./data/test_1.dat]
ERROR [2015-08-06 11:01:24,689] mylogger:./sch.py [line 38] [invalid literal for int() with base 0: '']
INFO [2015-08-06 11:01:24,690] mylogger:./sch.py [line 76] [running...]
INFO [2015-08-06 11:01:24,690] mylogger:./sch.py [line 78] [program finished...]
INFO [2015-08-06 11:01:24,690] mylogger:./sch.py [line 73] [path_file :0./data/test_2.dat]
ERROR [2015-08-06 11:01:24,690] mylogger:./sch.py [line 38] [invalid literal for int() with base 0: '']
INFO [2015-08-06 11:01:24,690] mylogger:./sch.py [line 76] [running...]
INFO [2015-08-06 11:01:24,690] mylogger:./sch.py [line 78] [program finished...]
INFO [2015-08-06 11:25:05,435] mylogger:./sch.py [line 81] [path_file :0./data/test_1.dat]
INFO [2015-08-06 11:25:23,196] mylogger:./sch.py [line 81] [path_file :0./data/test_1.dat]
INFO [2015-08-06 11:25:23,196] mylogger:./sch.py [line 84] [running...]
INFO [2015-08-06 11:25:23,199] mylogger:./sch.py [line 86] [program finished...]
INFO [2015-08-06 11:25:23,199] mylogger:./sch.py [line 81] [path_file :0./data/test_2.dat]
INFO [2015-08-06 11:25:23,199] mylogger:./sch.py [line 84] [running...]
INFO [2015-08-06 11:25:23,199] mylogger:./sch.py [line 86] [program finished...]
INFO [2015-08-06 11:26:04,802] mylogger:./sch.py [line 81] [path_file :0./data/test_1.dat]
INFO [2015-08-06 11:26:04,802] mylogger:./sch.py [line 84] [running...]
INFO [2015-08-06 11:26:04,802] mylogger:./sch.py [line 86] [program finished...]
INFO [2015-08-06 11:26:04,802] mylogger:./sch.py [line 81] [path_file :0./data/test_2.dat]
INFO [2015-08-06 11:26:04,802] mylogger:./sch.py [line 84] [running...]
INFO [2015-08-06 11:26:04,802] mylogger:./sch.py [line 86] [program finished...]
INFO [2015-08-06 11:26:36,413] mylogger:./sch.py [line 81] [path_file :0./data/test_1.dat]
INFO [2015-08-06 11:26:36,413] mylogger:./sch.py [line 84] [running...]
INFO [2015-08-06 11:26:36,413] mylogger:./sch.py [line 86] [program finished...]
INFO [2015-08-06 11:26:36,413] mylogger:./sch.py [line 81] [path_file :0./data/test_2.dat]
INFO [2015-08-06 11:26:36,413] mylogger:./sch.py [line 84] [running...]
INFO [2015-08-06 11:26:36,413] mylogger:./sch.py [line 86] [program finished...]
INFO [2015-08-06 11:30:03,246] mylogger:./sch.py [line 81] [path_file :0./data/test_1.dat]
INFO [2015-08-06 11:30:03,246] mylogger:./sch.py [line 84] [running...]
INFO [2015-08-06 11:30:03,247] mylogger:./sch.py [line 86] [program finished...]
INFO [2015-08-06 11:30:03,247] mylogger:./sch.py [line 81] [path_file :0./data/test_2.dat]
INFO [2015-08-06 11:30:03,247] mylogger:./sch.py [line 84] [running...]
INFO [2015-08-06 11:30:03,247] mylogger:./sch.py [line 86] [program finished...]
INFO [2015-08-06 11:30:48,226] mylogger:./sch.py [line 81] [path_file :0./data/test_1.dat]
INFO [2015-08-06 11:30:48,226] mylogger:./sch.py [line 84] [running...]
INFO [2015-08-06 11:30:48,227] mylogger:./sch.py [line 86] [program finished...]
INFO [2015-08-06 11:30:48,227] mylogger:./sch.py [line 81] [path_file :0./data/test_2.dat]
INFO [2015-08-06 11:30:48,227] mylogger:./sch.py [line 84] [running...]
INFO [2015-08-06 11:30:48,228] mylogger:./sch.py [line 86] [program finished...]
INFO [2015-08-06 11:31:15,219] mylogger:./sch.py [line 81] [path_file :0./data/test_1.dat]
INFO [2015-08-06 11:31:15,219] mylogger:./sch.py [line 84] [running...]
INFO [2015-08-06 11:31:15,220] mylogger:./sch.py [line 86] [program finished...]
INFO [2015-08-06 11:31:15,220] mylogger:./sch.py [line 81] [path_file :0./data/test_2.dat]
INFO [2015-08-06 11:31:15,220] mylogger:./sch.py [line 84] [running...]
INFO [2015-08-06 11:31:15,220] mylogger:./sch.py [line 86] [program finished...]
INFO [2015-08-06 11:32:57,839] mylogger:./sch.py [line 81] [path_file :0./data/test_1.dat]
INFO [2015-08-06 11:32:57,839] mylogger:./sch.py [line 84] [running...]
INFO [2015-08-06 11:32:57,843] mylogger:./sch.py [line 86] [program finished...]
INFO [2015-08-06 11:32:57,843] mylogger:./sch.py [line 81] [path_file :0./data/test_2.dat]
INFO [2015-08-06 11:32:57,843] mylogger:./sch.py [line 84] [running...]
INFO [2015-08-06 11:32:57,843] mylogger:./sch.py [line 86] [program finished...]
INFO [2015-08-06 11:34:33,360] mylogger:./sch.py [line 81] [path_file :0./data/test_1.dat]
INFO [2015-08-06 11:34:33,361] mylogger:./sch.py [line 84] [running...]
INFO [2015-08-06 11:34:33,374] mylogger:./sch.py [line 86] [program finished...]
INFO [2015-08-06 11:34:33,375] mylogger:./sch.py [line 81] [path_file :0./data/test_2.dat]
INFO [2015-08-06 11:34:33,375] mylogger:./sch.py [line 84] [running...]
INFO [2015-08-06 11:34:33,377] mylogger:./sch.py [line 86] [program finished...]
INFO [2015-08-06 11:35:28,852] mylogger:./sch.py [line 81] [path_file :0./data/test_1.dat]
INFO [2015-08-06 11:35:28,853] mylogger:./sch.py [line 84] [running...]
INFO [2015-08-06 11:35:28,853] mylogger:./sch.py [line 86] [program finished...]
INFO [2015-08-06 11:35:28,854] mylogger:./sch.py [line 81] [path_file :0./data/test_2.dat]
INFO [2015-08-06 11:35:28,859] mylogger:./sch.py [line 84] [running...]
INFO [2015-08-06 11:35:28,860] mylogger:./sch.py [line 86] [program finished...]
INFO [2015-08-06 11:53:15,186] mylogger:./sch.py [line 81] [path_file :0./data/test_1.dat]
INFO [2015-08-06 11:53:15,187] mylogger:./sch.py [line 84] [running...]
INFO [2015-08-06 11:53:15,191] mylogger:./sch.py [line 86] [program finished...]
INFO [2015-08-06 11:53:15,191] mylogger:./sch.py [line 81] [path_file :0./data/test_2.dat]
INFO [2015-08-06 11:53:15,191] mylogger:./sch.py [line 84] [running...]
INFO [2015-08-06 11:53:15,192] mylogger:./sch.py [line 86] [program finished...]
INFO [2015-08-06 12:01:28,195] mylogger:./sch.py [line 79] [path_file :0./data/test_1.dat]
INFO [2015-08-06 12:01:28,195] mylogger:./sch.py [line 82] [running...]
INFO [2015-08-06 12:01:28,202] mylogger:./sch.py [line 84] [program finished...]
INFO [2015-08-06 12:01:28,203] mylogger:./sch.py [line 79] [path_file :0./data/test_2.dat]
INFO [2015-08-06 12:01:28,203] mylogger:./sch.py [line 82] [running...]
INFO [2015-08-06 12:01:28,205] mylogger:./sch.py [line 84] [program finished...]
INFO [2015-08-06 12:03:35,032] mylogger:./sch.py [line 79] [path_file :0./data/test_1.dat]
INFO [2015-08-06 12:03:35,033] mylogger:./sch.py [line 82] [running...]
INFO [2015-08-06 12:03:35,039] mylogger:./sch.py [line 84] [program finished...]
INFO [2015-08-06 12:03:35,039] mylogger:./sch.py [line 79] [path_file :0./data/test_2.dat]
INFO [2015-08-06 12:03:35,039] mylogger:./sch.py [line 82] [running...]
INFO [2015-08-06 12:03:35,040] mylogger:./sch.py [line 84] [program finished...]
INFO [2015-08-06 12:03:43,830] mylogger:./sch.py [line 79] [path_file :0./data/test_1.dat]
INFO [2015-08-06 12:03:43,830] mylogger:./sch.py [line 82] [running...]
INFO [2015-08-06 12:03:43,831] mylogger:./sch.py [line 84] [program finished...]
INFO [2015-08-06 12:03:43,831] mylogger:./sch.py [line 79] [path_file :0./data/test_2.dat]
INFO [2015-08-06 12:03:43,831] mylogger:./sch.py [line 82] [running...]
INFO [2015-08-06 12:03:43,831] mylogger:./sch.py [line 84] [program finished...]
INFO [2015-08-06 12:03:44,990] mylogger:./sch.py [line 79] [path_file :0./data/test_1.dat]
INFO [2015-08-06 12:03:44,990] mylogger:./sch.py [line 82] [running...]
INFO [2015-08-06 12:03:44,991] mylogger:./sch.py [line 84] [program finished...]
INFO [2015-08-06 12:03:44,991] mylogger:./sch.py [line 79] [path_file :0./data/test_2.dat]
INFO [2015-08-06 12:03:44,991] mylogger:./sch.py [line 82] [running...]
INFO [2015-08-06 12:03:44,991] mylogger:./sch.py [line 84] [program finished...]
INFO [2015-08-06 12:03:47,148] mylogger:./sch.py [line 79] [path_file :0./data/test_1.dat]
INFO [2015-08-06 12:03:47,148] mylogger:./sch.py [line 82] [running...]
INFO [2015-08-06 12:03:47,149] mylogger:./sch.py [line 84] [program finished...]
INFO [2015-08-06 12:03:47,149] mylogger:./sch.py [line 79] [path_file :0./data/test_2.dat]
INFO [2015-08-06 12:03:47,149] mylogger:./sch.py [line 82] [running...]
INFO [2015-08-06 12:03:47,149] mylogger:./sch.py [line 84] [program finished...]
INFO [2015-08-06 12:03:51,780] mylogger:./sch.py [line 79] [path_file :0./data/test_1.dat]
INFO [2015-08-06 12:03:51,780] mylogger:./sch.py [line 82] [running...]
INFO [2015-08-06 12:03:51,780] mylogger:./sch.py [line 84] [program finished...]
INFO [2015-08-06 12:03:51,780] mylogger:./sch.py [line 79] [path_file :0./data/test_2.dat]
INFO [2015-08-06 12:03:51,781] mylogger:./sch.py [line 82] [running...]
INFO [2015-08-06 12:03:51,781] mylogger:./sch.py [line 84] [program finished...]
INFO [2015-08-06 12:03:52,991] mylogger:./sch.py [line 79] [path_file :0./data/test_1.dat]
INFO [2015-08-06 12:03:52,991] mylogger:./sch.py [line 82] [running...]
INFO [2015-08-06 12:03:52,991] mylogger:./sch.py [line 84] [program finished...]
INFO [2015-08-06 12:03:52,991] mylogger:./sch.py [line 79] [path_file :0./data/test_2.dat]
INFO [2015-08-06 12:03:52,991] mylogger:./sch.py [line 82] [running...]
INFO [2015-08-06 12:03:52,991] mylogger:./sch.py [line 84] [program finished...]
INFO [2015-08-06 12:03:56,283] mylogger:./sch.py [line 79] [path_file :0./data/test_1.dat]
INFO [2015-08-06 12:03:56,283] mylogger:./sch.py [line 82] [running...]
INFO [2015-08-06 12:03:56,285] mylogger:./sch.py [line 84] [program finished...]
INFO [2015-08-06 12:03:56,285] mylogger:./sch.py [line 79] [path_file :0./data/test_2.dat]
INFO [2015-08-06 12:03:56,286] mylogger:./sch.py [line 82] [running...]
INFO [2015-08-06 12:03:56,286] mylogger:./sch.py [line 84] [program finished...]
INFO [2015-08-06 13:16:01,741] mylogger:./sch.py [line 79] [path_file :0./data/test_1.dat]
INFO [2015-08-06 13:16:01,741] mylogger:./sch.py [line 82] [running...]
INFO [2015-08-06 13:16:01,742] mylogger:./sch.py [line 84] [program finished...]
INFO [2015-08-06 13:16:01,742] mylogger:./sch.py [line 79] [path_file :0./data/test_2.dat]
INFO [2015-08-06 13:16:01,742] mylogger:./sch.py [line 82] [running...]
INFO [2015-08-06 13:16:01,744] mylogger:./sch.py [line 84] [program finished...]
INFO [2015-08-06 13:16:37,155] mylogger:./sch.py [line 79] [path_file :0./data/test_1.dat]
INFO [2015-08-06 13:16:37,155] mylogger:./sch.py [line 82] [running...]
INFO [2015-08-06 13:16:37,156] mylogger:./sch.py [line 84] [program finished...]
INFO [2015-08-06 13:16:37,156] mylogger:./sch.py [line 79] [path_file :0./data/test_2.dat]
INFO [2015-08-06 13:16:37,156] mylogger:./sch.py [line 82] [running...]
INFO [2015-08-06 13:16:37,160] mylogger:./sch.py [line 84] [program finished...]
INFO [2015-08-06 13:18:22,501] mylogger:./sch.py [line 75] [path_file :0./data/test_1.dat]
INFO [2015-08-06 13:18:22,504] mylogger:./sch.py [line 78] [running...]
INFO [2015-08-06 13:18:22,504] mylogger:./sch.py [line 80] [program finished...]
INFO [2015-08-06 13:18:22,505] mylogger:./sch.py [line 75] [path_file :0./data/test_2.dat]
INFO [2015-08-06 13:18:22,505] mylogger:./sch.py [line 78] [running...]
INFO [2015-08-06 13:18:22,505] mylogger:./sch.py [line 80] [program finished...]
